<?xml version="1.0" encoding="UTF-8"?>
<!-- Generated by org.testng.reporters.JUnitReportReporter -->
<testsuite hostname="DESKTOP-3JRUFPN" failures="0" tests="1" name="qsp.Demo1" time="2.304" errors="0" timestamp="2025-07-22T17:09:13 IST" skipped="0">
  <testcase classname="qsp.Demo1" name="m1" time="2.304"/>
</testsuite> <!-- qsp.Demo1 -->
