<?xml version="1.0" encoding="UTF-8"?>
<!-- Generated by org.testng.reporters.JUnitReportReporter -->
<testsuite hostname="DESKTOP-3JRUFPN" failures="0" tests="1" name="com.actitime.pom.TestMethosCls" time="2.883" errors="0" timestamp="2025-07-22T13:39:03 IST" skipped="0">
  <testcase classname="com.actitime.pom.TestMethosCls" name="validLogin" time="2.883"/>
</testsuite> <!-- com.actitime.pom.TestMethosCls -->
