<?xml version="1.0" encoding="UTF-8"?>
<!-- Generated by org.testng.reporters.JUnitReportReporter -->
<testsuite hostname="DESKTOP-3JRUFPN" failures="0" tests="1" name="com.actitime.testscript.DemoTestNG" time="0.014" errors="0" timestamp="2025-07-11T13:35:24 IST" skipped="0">
  <testcase classname="com.actitime.testscript.DemoTestNG" name="demo" time="0.014">
    <system-out>
      <![CDATA[hi
bye
hello]]>
    </system-out>
  </testcase> <!-- demo -->
  <system-out>
    <![CDATA[hi
bye
hello]]>
  </system-out>
</testsuite> <!-- com.actitime.testscript.DemoTestNG -->
