<?xml version="1.0" encoding="UTF-8"?>
<!-- Generated by org.testng.reporters.JUnitReportReporter -->
<testsuite hostname="DESKTOP-3JRUFPN" failures="0" tests="2" name="qsp.Demo12" time="4.822" errors="0" timestamp="2025-07-22T17:15:49 IST" skipped="0">
  <testcase classname="qsp.Demo12" name="m1" time="3.048"/>
  <testcase classname="qsp.Demo12" name="m1" time="1.774"/>
</testsuite> <!-- qsp.Demo12 -->
