<?xml version="1.0" encoding="UTF-8"?>
<!-- Generated by org.testng.reporters.JUnitReportReporter -->
<testsuite hostname="DESKTOP-3JRUFPN" failures="0" tests="1" name="com.actitime.pom.TestMethodCls2" time="18.659" errors="0" timestamp="2025-07-22T14:15:39 IST" skipped="0">
  <testcase classname="com.actitime.pom.TestMethodCls2" name="selectAllChk" time="18.659"/>
</testsuite> <!-- com.actitime.pom.TestMethodCls2 -->
